1730846652.180809 client started (32586): version 3.5a, socket /tmp/tmux-1000/default, protocol 8
1730846652.180842 on Linux 6.11.6-arch1-1 #1 SMP PREEMPT_DYNAMIC Fri, 01 Nov 2024 03:30:41 +0000
1730846652.180850 using libevent 2.1.12-stable poll
1730846652.180854 using ncurses 6.5 20240427
1730846652.180872 flags are 0x10010000
1730846652.180889 socket is /tmp/tmux-1000/default
1730846652.180904 trying connect
1730846652.181000 add peer 0x55794c976060: 6 ((nil))
1730846652.181452 sending message 111 to peer 0x55794c976060 (8 bytes)
1730846652.181460 sending message 111 to peer 0x55794c976060 (8 bytes)
1730846652.181464 sending message 101 to peer 0x55794c976060 (15 bytes)
1730846652.181468 sending message 109 to peer 0x55794c976060 (4 bytes)
1730846652.181472 sending message 102 to peer 0x55794c976060 (11 bytes)
1730846652.181475 sending message 108 to peer 0x55794c976060 (23 bytes)
1730846652.181479 sending message 112 to peer 0x55794c976060 (58 bytes)
1730846652.181483 sending message 112 to peer 0x55794c976060 (5 bytes)
1730846652.181487 sending message 112 to peer 0x55794c976060 (5 bytes)
1730846652.181490 sending message 112 to peer 0x55794c976060 (6 bytes)
1730846652.181494 sending message 112 to peer 0x55794c976060 (6 bytes)
1730846652.181497 sending message 112 to peer 0x55794c976060 (11 bytes)
1730846652.181501 sending message 112 to peer 0x55794c976060 (10 bytes)
1730846652.181504 sending message 112 to peer 0x55794c976060 (13 bytes)
1730846652.181507 sending message 112 to peer 0x55794c976060 (14 bytes)
1730846652.181511 sending message 112 to peer 0x55794c976060 (19 bytes)
1730846652.181514 sending message 112 to peer 0x55794c976060 (11 bytes)
1730846652.181517 sending message 112 to peer 0x55794c976060 (10 bytes)
1730846652.181521 sending message 112 to peer 0x55794c976060 (15 bytes)
1730846652.181524 sending message 112 to peer 0x55794c976060 (21 bytes)
1730846652.181527 sending message 112 to peer 0x55794c976060 (13 bytes)
1730846652.181531 sending message 112 to peer 0x55794c976060 (7 bytes)
1730846652.181534 sending message 112 to peer 0x55794c976060 (13 bytes)
1730846652.181538 sending message 112 to peer 0x55794c976060 (7 bytes)
1730846652.181541 sending message 112 to peer 0x55794c976060 (13 bytes)
1730846652.181544 sending message 112 to peer 0x55794c976060 (9 bytes)
1730846652.181548 sending message 112 to peer 0x55794c976060 (21 bytes)
1730846652.181551 sending message 112 to peer 0x55794c976060 (13 bytes)
1730846652.181555 sending message 112 to peer 0x55794c976060 (9 bytes)
1730846652.181558 sending message 112 to peer 0x55794c976060 (16 bytes)
1730846652.181562 sending message 112 to peer 0x55794c976060 (13 bytes)
1730846652.181565 sending message 112 to peer 0x55794c976060 (9 bytes)
1730846652.181568 sending message 112 to peer 0x55794c976060 (9 bytes)
1730846652.181572 sending message 112 to peer 0x55794c976060 (12 bytes)
1730846652.181575 sending message 112 to peer 0x55794c976060 (8 bytes)
1730846652.181578 sending message 112 to peer 0x55794c976060 (8 bytes)
1730846652.181582 sending message 112 to peer 0x55794c976060 (13 bytes)
1730846652.181585 sending message 112 to peer 0x55794c976060 (7 bytes)
1730846652.181589 sending message 112 to peer 0x55794c976060 (7 bytes)
1730846652.181592 sending message 112 to peer 0x55794c976060 (9 bytes)
1730846652.181596 sending message 112 to peer 0x55794c976060 (9 bytes)
1730846652.181599 sending message 112 to peer 0x55794c976060 (15 bytes)
1730846652.181602 sending message 112 to peer 0x55794c976060 (13 bytes)
1730846652.181606 sending message 112 to peer 0x55794c976060 (12 bytes)
1730846652.181609 sending message 112 to peer 0x55794c976060 (8 bytes)
1730846652.181613 sending message 112 to peer 0x55794c976060 (14 bytes)
1730846652.181616 sending message 112 to peer 0x55794c976060 (11 bytes)
1730846652.181620 sending message 112 to peer 0x55794c976060 (9 bytes)
1730846652.181623 sending message 112 to peer 0x55794c976060 (10 bytes)
1730846652.181627 sending message 112 to peer 0x55794c976060 (10 bytes)
1730846652.181630 sending message 112 to peer 0x55794c976060 (10 bytes)
1730846652.181643 sending message 112 to peer 0x55794c976060 (10 bytes)
1730846652.181647 sending message 112 to peer 0x55794c976060 (11 bytes)
1730846652.181651 sending message 112 to peer 0x55794c976060 (12 bytes)
1730846652.181654 sending message 112 to peer 0x55794c976060 (12 bytes)
1730846652.181657 sending message 112 to peer 0x55794c976060 (12 bytes)
1730846652.181661 sending message 112 to peer 0x55794c976060 (12 bytes)
1730846652.181664 sending message 112 to peer 0x55794c976060 (12 bytes)
1730846652.181667 sending message 112 to peer 0x55794c976060 (11 bytes)
1730846652.181671 sending message 112 to peer 0x55794c976060 (11 bytes)
1730846652.181674 sending message 112 to peer 0x55794c976060 (12 bytes)
1730846652.181678 sending message 112 to peer 0x55794c976060 (12 bytes)
1730846652.181681 sending message 112 to peer 0x55794c976060 (12 bytes)
1730846652.181684 sending message 112 to peer 0x55794c976060 (12 bytes)
1730846652.181688 sending message 112 to peer 0x55794c976060 (12 bytes)
1730846652.181691 sending message 112 to peer 0x55794c976060 (9 bytes)
1730846652.181694 sending message 112 to peer 0x55794c976060 (12 bytes)
1730846652.181698 sending message 112 to peer 0x55794c976060 (13 bytes)
1730846652.181701 sending message 112 to peer 0x55794c976060 (13 bytes)
1730846652.181704 sending message 112 to peer 0x55794c976060 (13 bytes)
1730846652.181708 sending message 112 to peer 0x55794c976060 (13 bytes)
1730846652.181711 sending message 112 to peer 0x55794c976060 (13 bytes)
1730846652.181715 sending message 112 to peer 0x55794c976060 (8 bytes)
1730846652.181718 sending message 112 to peer 0x55794c976060 (11 bytes)
1730846652.181722 sending message 112 to peer 0x55794c976060 (11 bytes)
1730846652.181725 sending message 112 to peer 0x55794c976060 (11 bytes)
1730846652.181729 sending message 112 to peer 0x55794c976060 (12 bytes)
1730846652.181732 sending message 112 to peer 0x55794c976060 (12 bytes)
1730846652.181736 sending message 112 to peer 0x55794c976060 (12 bytes)
1730846652.181739 sending message 112 to peer 0x55794c976060 (12 bytes)
1730846652.181742 sending message 112 to peer 0x55794c976060 (13 bytes)
1730846652.181746 sending message 112 to peer 0x55794c976060 (13 bytes)
1730846652.181749 sending message 112 to peer 0x55794c976060 (13 bytes)
1730846652.181752 sending message 112 to peer 0x55794c976060 (8 bytes)
1730846652.181756 sending message 112 to peer 0x55794c976060 (13 bytes)
1730846652.181759 sending message 112 to peer 0x55794c976060 (13 bytes)
1730846652.181763 sending message 112 to peer 0x55794c976060 (13 bytes)
1730846652.181766 sending message 112 to peer 0x55794c976060 (13 bytes)
1730846652.181769 sending message 112 to peer 0x55794c976060 (13 bytes)
1730846652.181773 sending message 112 to peer 0x55794c976060 (12 bytes)
1730846652.181776 sending message 112 to peer 0x55794c976060 (12 bytes)
1730846652.181780 sending message 112 to peer 0x55794c976060 (12 bytes)
1730846652.181783 sending message 112 to peer 0x55794c976060 (12 bytes)
1730846652.181786 sending message 112 to peer 0x55794c976060 (13 bytes)
1730846652.181790 sending message 112 to peer 0x55794c976060 (8 bytes)
1730846652.181793 sending message 112 to peer 0x55794c976060 (13 bytes)
1730846652.181797 sending message 112 to peer 0x55794c976060 (13 bytes)
1730846652.181800 sending message 112 to peer 0x55794c976060 (13 bytes)
1730846652.181803 sending message 112 to peer 0x55794c976060 (13 bytes)
1730846652.181807 sending message 112 to peer 0x55794c976060 (13 bytes)
1730846652.181810 sending message 112 to peer 0x55794c976060 (13 bytes)
1730846652.181814 sending message 112 to peer 0x55794c976060 (13 bytes)
1730846652.181817 sending message 112 to peer 0x55794c976060 (12 bytes)
1730846652.181820 sending message 112 to peer 0x55794c976060 (12 bytes)
1730846652.181824 sending message 112 to peer 0x55794c976060 (12 bytes)
1730846652.181827 sending message 112 to peer 0x55794c976060 (8 bytes)
1730846652.181830 sending message 112 to peer 0x55794c976060 (12 bytes)
1730846652.181834 sending message 112 to peer 0x55794c976060 (13 bytes)
1730846652.181841 sending message 112 to peer 0x55794c976060 (13 bytes)
1730846652.181844 sending message 112 to peer 0x55794c976060 (13 bytes)
1730846652.181848 sending message 112 to peer 0x55794c976060 (13 bytes)
1730846652.181851 sending message 112 to peer 0x55794c976060 (13 bytes)
1730846652.181855 sending message 112 to peer 0x55794c976060 (13 bytes)
1730846652.181858 sending message 112 to peer 0x55794c976060 (13 bytes)
1730846652.181861 sending message 112 to peer 0x55794c976060 (13 bytes)
1730846652.181865 sending message 112 to peer 0x55794c976060 (12 bytes)
1730846652.181868 sending message 112 to peer 0x55794c976060 (10 bytes)
1730846652.181871 sending message 112 to peer 0x55794c976060 (12 bytes)
1730846652.181875 sending message 112 to peer 0x55794c976060 (12 bytes)
1730846652.181878 sending message 112 to peer 0x55794c976060 (12 bytes)
1730846652.181882 sending message 112 to peer 0x55794c976060 (13 bytes)
1730846652.181885 sending message 112 to peer 0x55794c976060 (13 bytes)
1730846652.181888 sending message 112 to peer 0x55794c976060 (13 bytes)
1730846652.181892 sending message 112 to peer 0x55794c976060 (13 bytes)
1730846652.181895 sending message 112 to peer 0x55794c976060 (13 bytes)
1730846652.181898 sending message 112 to peer 0x55794c976060 (13 bytes)
1730846652.181902 sending message 112 to peer 0x55794c976060 (13 bytes)
1730846652.181905 sending message 112 to peer 0x55794c976060 (10 bytes)
1730846652.181909 sending message 112 to peer 0x55794c976060 (13 bytes)
1730846652.181912 sending message 112 to peer 0x55794c976060 (12 bytes)
1730846652.181915 sending message 112 to peer 0x55794c976060 (12 bytes)
1730846652.181918 sending message 112 to peer 0x55794c976060 (12 bytes)
1730846652.181922 sending message 112 to peer 0x55794c976060 (10 bytes)
1730846652.181925 sending message 112 to peer 0x55794c976060 (10 bytes)
1730846652.181929 sending message 112 to peer 0x55794c976060 (10 bytes)
1730846652.181932 sending message 112 to peer 0x55794c976060 (12 bytes)
1730846652.181935 sending message 112 to peer 0x55794c976060 (13 bytes)
1730846652.181939 sending message 112 to peer 0x55794c976060 (13 bytes)
1730846652.181942 sending message 112 to peer 0x55794c976060 (13 bytes)
1730846652.181946 sending message 112 to peer 0x55794c976060 (13 bytes)
1730846652.181949 sending message 112 to peer 0x55794c976060 (13 bytes)
1730846652.181952 sending message 112 to peer 0x55794c976060 (10 bytes)
1730846652.181956 sending message 112 to peer 0x55794c976060 (11 bytes)
1730846652.181959 sending message 112 to peer 0x55794c976060 (12 bytes)
1730846652.181963 sending message 112 to peer 0x55794c976060 (12 bytes)
1730846652.181966 sending message 112 to peer 0x55794c976060 (12 bytes)
1730846652.181970 sending message 112 to peer 0x55794c976060 (12 bytes)
1730846652.181973 sending message 112 to peer 0x55794c976060 (12 bytes)
1730846652.181976 sending message 112 to peer 0x55794c976060 (11 bytes)
1730846652.181980 sending message 112 to peer 0x55794c976060 (12 bytes)
1730846652.181983 sending message 112 to peer 0x55794c976060 (12 bytes)
1730846652.181987 sending message 112 to peer 0x55794c976060 (13 bytes)
1730846652.181990 sending message 112 to peer 0x55794c976060 (13 bytes)
1730846652.181993 sending message 112 to peer 0x55794c976060 (13 bytes)
1730846652.181997 sending message 112 to peer 0x55794c976060 (13 bytes)
1730846652.182000 sending message 112 to peer 0x55794c976060 (13 bytes)
1730846652.182003 sending message 112 to peer 0x55794c976060 (10 bytes)
1730846652.182007 sending message 112 to peer 0x55794c976060 (9 bytes)
1730846652.182010 sending message 112 to peer 0x55794c976060 (12 bytes)
1730846652.182014 sending message 112 to peer 0x55794c976060 (13 bytes)
1730846652.182017 sending message 112 to peer 0x55794c976060 (13 bytes)
1730846652.182020 sending message 112 to peer 0x55794c976060 (13 bytes)
1730846652.182024 sending message 112 to peer 0x55794c976060 (13 bytes)
1730846652.182027 sending message 112 to peer 0x55794c976060 (13 bytes)
1730846652.182030 sending message 112 to peer 0x55794c976060 (9 bytes)
1730846652.182037 sending message 112 to peer 0x55794c976060 (12 bytes)
1730846652.182040 sending message 112 to peer 0x55794c976060 (13 bytes)
1730846652.182044 sending message 112 to peer 0x55794c976060 (13 bytes)
1730846652.182047 sending message 112 to peer 0x55794c976060 (13 bytes)
1730846652.182051 sending message 112 to peer 0x55794c976060 (13 bytes)
1730846652.182054 sending message 112 to peer 0x55794c976060 (13 bytes)
1730846652.182057 sending message 112 to peer 0x55794c976060 (11 bytes)
1730846652.182061 sending message 112 to peer 0x55794c976060 (12 bytes)
1730846652.182064 sending message 112 to peer 0x55794c976060 (13 bytes)
1730846652.182068 sending message 112 to peer 0x55794c976060 (13 bytes)
1730846652.182071 sending message 112 to peer 0x55794c976060 (13 bytes)
1730846652.182074 sending message 112 to peer 0x55794c976060 (13 bytes)
1730846652.182078 sending message 112 to peer 0x55794c976060 (13 bytes)
1730846652.182081 sending message 112 to peer 0x55794c976060 (11 bytes)
1730846652.182084 sending message 112 to peer 0x55794c976060 (12 bytes)
1730846652.182088 sending message 112 to peer 0x55794c976060 (12 bytes)
1730846652.182092 sending message 112 to peer 0x55794c976060 (12 bytes)
1730846652.182095 sending message 112 to peer 0x55794c976060 (12 bytes)
1730846652.182099 sending message 112 to peer 0x55794c976060 (12 bytes)
1730846652.182102 sending message 112 to peer 0x55794c976060 (21 bytes)
1730846652.182106 sending message 112 to peer 0x55794c976060 (12 bytes)
1730846652.182109 sending message 112 to peer 0x55794c976060 (9 bytes)
1730846652.182113 sending message 112 to peer 0x55794c976060 (6 bytes)
1730846652.182116 sending message 112 to peer 0x55794c976060 (13 bytes)
1730846652.182120 sending message 112 to peer 0x55794c976060 (10 bytes)
1730846652.182124 sending message 112 to peer 0x55794c976060 (24 bytes)
1730846652.182128 sending message 112 to peer 0x55794c976060 (13 bytes)
1730846652.182131 sending message 112 to peer 0x55794c976060 (9 bytes)
1730846652.182135 sending message 112 to peer 0x55794c976060 (70 bytes)
1730846652.182139 sending message 112 to peer 0x55794c976060 (69 bytes)
1730846652.182143 sending message 112 to peer 0x55794c976060 (12 bytes)
1730846652.182146 sending message 112 to peer 0x55794c976060 (10 bytes)
1730846652.182150 sending message 112 to peer 0x55794c976060 (10 bytes)
1730846652.182153 sending message 112 to peer 0x55794c976060 (24 bytes)
1730846652.182157 sending message 112 to peer 0x55794c976060 (13 bytes)
1730846652.182160 sending message 112 to peer 0x55794c976060 (10 bytes)
1730846652.182164 sending message 112 to peer 0x55794c976060 (10 bytes)
1730846652.182167 sending message 112 to peer 0x55794c976060 (10 bytes)
1730846652.182171 sending message 112 to peer 0x55794c976060 (13 bytes)
1730846652.182175 sending message 112 to peer 0x55794c976060 (15 bytes)
1730846652.182179 sending message 112 to peer 0x55794c976060 (5 bytes)
1730846652.182184 sending message 104 to peer 0x55794c976060 (0 bytes)
1730846652.182189 sending message 110 to peer 0x55794c976060 (0 bytes)
1730846652.182193 sending message 107 to peer 0x55794c976060 (4 bytes)
1730846652.182197 sending message 105 to peer 0x55794c976060 (30 bytes)
1730846652.182201 sending message 105 to peer 0x55794c976060 (20 bytes)
1730846652.182205 sending message 105 to peer 0x55794c976060 (54 bytes)
1730846652.182209 sending message 105 to peer 0x55794c976060 (50 bytes)
1730846652.182213 sending message 105 to peer 0x55794c976060 (23 bytes)
1730846652.182216 sending message 105 to peer 0x55794c976060 (11 bytes)
1730846652.182220 sending message 105 to peer 0x55794c976060 (12 bytes)
1730846652.182224 sending message 105 to peer 0x55794c976060 (88 bytes)
1730846652.182228 sending message 105 to peer 0x55794c976060 (75 bytes)
1730846652.182232 sending message 105 to peer 0x55794c976060 (18 bytes)
1730846652.182236 sending message 105 to peer 0x55794c976060 (33 bytes)
1730846652.182240 sending message 105 to peer 0x55794c976060 (43 bytes)
1730846652.182244 sending message 105 to peer 0x55794c976060 (47 bytes)
1730846652.182251 sending message 105 to peer 0x55794c976060 (24 bytes)
1730846652.182255 sending message 105 to peer 0x55794c976060 (28 bytes)
1730846652.182258 sending message 105 to peer 0x55794c976060 (22 bytes)
1730846652.182262 sending message 105 to peer 0x55794c976060 (21 bytes)
1730846652.182265 sending message 105 to peer 0x55794c976060 (22 bytes)
1730846652.182269 sending message 105 to peer 0x55794c976060 (38 bytes)
1730846652.182273 sending message 105 to peer 0x55794c976060 (16 bytes)
1730846652.182276 sending message 105 to peer 0x55794c976060 (60 bytes)
1730846652.182280 sending message 105 to peer 0x55794c976060 (18 bytes)
1730846652.182284 sending message 105 to peer 0x55794c976060 (17 bytes)
1730846652.182288 sending message 105 to peer 0x55794c976060 (15 bytes)
1730846652.182292 sending message 105 to peer 0x55794c976060 (28 bytes)
1730846652.182295 sending message 105 to peer 0x55794c976060 (15 bytes)
1730846652.182299 sending message 105 to peer 0x55794c976060 (139 bytes)
1730846652.182303 sending message 105 to peer 0x55794c976060 (51 bytes)
1730846652.182307 sending message 105 to peer 0x55794c976060 (15 bytes)
1730846652.182310 sending message 105 to peer 0x55794c976060 (23 bytes)
1730846652.182314 sending message 105 to peer 0x55794c976060 (53 bytes)
1730846652.182318 sending message 105 to peer 0x55794c976060 (16 bytes)
1730846652.182321 sending message 105 to peer 0x55794c976060 (26 bytes)
1730846652.182325 sending message 105 to peer 0x55794c976060 (62 bytes)
1730846652.182329 sending message 105 to peer 0x55794c976060 (30 bytes)
1730846652.182333 sending message 105 to peer 0x55794c976060 (50 bytes)
1730846652.182337 sending message 105 to peer 0x55794c976060 (369 bytes)
1730846652.182340 sending message 105 to peer 0x55794c976060 (41 bytes)
1730846652.182344 sending message 105 to peer 0x55794c976060 (27 bytes)
1730846652.182347 sending message 105 to peer 0x55794c976060 (30 bytes)
1730846652.182351 sending message 105 to peer 0x55794c976060 (23 bytes)
1730846652.182354 sending message 105 to peer 0x55794c976060 (19 bytes)
1730846652.182358 sending message 105 to peer 0x55794c976060 (86 bytes)
1730846652.182362 sending message 105 to peer 0x55794c976060 (19 bytes)
1730846652.182365 sending message 105 to peer 0x55794c976060 (8 bytes)
1730846652.182369 sending message 105 to peer 0x55794c976060 (53 bytes)
1730846652.182372 sending message 105 to peer 0x55794c976060 (38 bytes)
1730846652.182376 sending message 105 to peer 0x55794c976060 (19 bytes)
1730846652.182379 sending message 105 to peer 0x55794c976060 (23 bytes)
1730846652.182383 sending message 105 to peer 0x55794c976060 (20 bytes)
1730846652.182386 sending message 105 to peer 0x55794c976060 (33 bytes)
1730846652.182390 sending message 105 to peer 0x55794c976060 (18 bytes)
1730846652.182394 sending message 105 to peer 0x55794c976060 (26 bytes)
1730846652.182398 sending message 105 to peer 0x55794c976060 (36 bytes)
1730846652.182402 sending message 105 to peer 0x55794c976060 (13 bytes)
1730846652.182406 sending message 105 to peer 0x55794c976060 (60 bytes)
1730846652.182409 sending message 105 to peer 0x55794c976060 (12 bytes)
1730846652.182413 sending message 105 to peer 0x55794c976060 (26 bytes)
1730846652.182416 sending message 105 to peer 0x55794c976060 (39 bytes)
1730846652.182420 sending message 105 to peer 0x55794c976060 (58 bytes)
1730846652.182423 sending message 105 to peer 0x55794c976060 (24 bytes)
1730846652.182427 sending message 105 to peer 0x55794c976060 (121 bytes)
1730846652.182430 sending message 105 to peer 0x55794c976060 (24 bytes)
1730846652.182434 sending message 105 to peer 0x55794c976060 (31 bytes)
1730846652.182437 sending message 105 to peer 0x55794c976060 (15 bytes)
1730846652.182441 sending message 105 to peer 0x55794c976060 (52 bytes)
1730846652.182444 sending message 105 to peer 0x55794c976060 (23 bytes)
1730846652.182448 sending message 105 to peer 0x55794c976060 (24 bytes)
1730846652.182451 sending message 105 to peer 0x55794c976060 (17 bytes)
1730846652.182455 sending message 105 to peer 0x55794c976060 (58 bytes)
1730846652.182461 sending message 105 to peer 0x55794c976060 (25 bytes)
1730846652.182465 sending message 105 to peer 0x55794c976060 (11 bytes)
1730846652.182468 sending message 105 to peer 0x55794c976060 (22 bytes)
1730846652.182472 sending message 105 to peer 0x55794c976060 (29 bytes)
1730846652.182475 sending message 105 to peer 0x55794c976060 (44 bytes)
1730846652.182479 sending message 105 to peer 0x55794c976060 (16 bytes)
1730846652.182482 sending message 106 to peer 0x55794c976060 (0 bytes)
1730846652.182551 sending message 200 to peer 0x55794c976060 (4 bytes)
1730846652.182555 client loop enter
1730846652.183915 peer 0x55794c976060 message 303
1730846652.183918 open write file 2 -
1730846652.183922 sending message 305 to peer 0x55794c976060 (8 bytes)
1730846652.183927 write check file 2
1730846652.184181 peer 0x55794c976060 message 304
1730846652.184186 write 58 to file 2
1730846652.184188 peer 0x55794c976060 message 203
1730846652.184190 file 2 58 bytes left
1730846652.184197 write check file 2
1730846652.184199 client loop exit
